Category: 📺央视频道, Name: CCTV-1, Total: 93, Valid: 44, Valid Percent: 47.31%, Whitelist: 0, IPv4: 1, IPv6: 92, Min Delay: 0.1 ms, Max Speed: 8.79 M/s, Avg Speed: 0.20 M/s, Max Resolution: 1920x1080
Category: 📺央视频道, Name: CCTV-2, Total: 110, Valid: 67, Valid Percent: 60.91%, Whitelist: 0, IPv4: 0, IPv6: 110, Min Delay: 0.1 ms, Max Speed: 0.00 M/s, Avg Speed: 0.00 M/s, Max Resolution: 1920x1080
Category: 📺央视频道, Name: CCTV-3, Total: 102, Valid: 57, Valid Percent: 55.88%, Whitelist: 0, IPv4: 3, IPv6: 99, Min Delay: 0.1 ms, Max Speed: 17.89 M/s, Avg Speed: 0.52 M/s, Max Resolution: 1920x1080
Category: 📺央视频道, Name: CCTV-4, Total: 150, Valid: 61, Valid Percent: 40.67%, Whitelist: 0, IPv4: 2, IPv6: 148, Min Delay: 0.1 ms, Max Speed: 9.20 M/s, Avg Speed: 0.28 M/s, Max Resolution: 1920x1080
Category: 📺央视频道, Name: CCTV-5, Total: 138, Valid: 43, Valid Percent: 31.16%, Whitelist: 0, IPv4: 6, IPv6: 132, Min Delay: 0.1 ms, Max Speed: 17.73 M/s, Avg Speed: 1.14 M/s, Max Resolution: 1920x1080
Category: 📺央视频道, Name: CCTV-5+, Total: 55, Valid: 37, Valid Percent: 67.27%, Whitelist: 0, IPv4: 0, IPv6: 55, Min Delay: 0.1 ms, Max Speed: 0.00 M/s, Avg Speed: 0.00 M/s, Max Resolution: 1920x1080
Category: 📺央视频道, Name: CCTV-6, Total: 85, Valid: 37, Valid Percent: 43.53%, Whitelist: 0, IPv4: 2, IPv6: 83, Min Delay: 0.1 ms, Max Speed: 21.02 M/s, Avg Speed: 0.81 M/s, Max Resolution: 1920x1080
Category: 📺央视频道, Name: CCTV-7, Total: 105, Valid: 60, Valid Percent: 57.14%, Whitelist: 0, IPv4: 2, IPv6: 103, Min Delay: 0.1 ms, Max Speed: 6.90 M/s, Avg Speed: 0.17 M/s, Max Resolution: 1920x1080
Category: 📺央视频道, Name: CCTV-8, Total: 94, Valid: 48, Valid Percent: 51.06%, Whitelist: 0, IPv4: 1, IPv6: 93, Min Delay: 0.1 ms, Max Speed: 6.97 M/s, Avg Speed: 0.15 M/s, Max Resolution: 1920x1080
Category: 📺央视频道, Name: CCTV-9, Total: 107, Valid: 60, Valid Percent: 56.07%, Whitelist: 0, IPv4: 1, IPv6: 106, Min Delay: 0.1 ms, Max Speed: 12.38 M/s, Avg Speed: 0.21 M/s, Max Resolution: 1920x1080
Category: 📺央视频道, Name: CCTV-10, Total: 104, Valid: 60, Valid Percent: 57.69%, Whitelist: 0, IPv4: 3, IPv6: 101, Min Delay: 0.1 ms, Max Speed: 21.72 M/s, Avg Speed: 0.56 M/s, Max Resolution: 1920x1080
Category: 📺央视频道, Name: CCTV-11, Total: 116, Valid: 70, Valid Percent: 60.34%, Whitelist: 0, IPv4: 4, IPv6: 112, Min Delay: 0.1 ms, Max Speed: 18.73 M/s, Avg Speed: 0.56 M/s, Max Resolution: 1920x1080
Category: 📺央视频道, Name: CCTV-12, Total: 112, Valid: 66, Valid Percent: 58.93%, Whitelist: 0, IPv4: 2, IPv6: 110, Min Delay: 0.1 ms, Max Speed: 7.00 M/s, Avg Speed: 0.16 M/s, Max Resolution: 1920x1080
Category: 📺央视频道, Name: CCTV-13, Total: 87, Valid: 42, Valid Percent: 48.28%, Whitelist: 0, IPv4: 1, IPv6: 86, Min Delay: 0.1 ms, Max Speed: 2.11 M/s, Avg Speed: 0.05 M/s, Max Resolution: 1920x1080
Category: 📺央视频道, Name: CCTV-14, Total: 89, Valid: 38, Valid Percent: 42.70%, Whitelist: 0, IPv4: 0, IPv6: 89, Min Delay: 0.1 ms, Max Speed: 0.00 M/s, Avg Speed: 0.00 M/s, Max Resolution: 1920x1080
Category: 📺央视频道, Name: CCTV-15, Total: 107, Valid: 64, Valid Percent: 59.81%, Whitelist: 0, IPv4: 1, IPv6: 106, Min Delay: 0.1 ms, Max Speed: 21.19 M/s, Avg Speed: 0.33 M/s, Max Resolution: 1920x1080
Category: 📺央视频道, Name: CCTV-16, Total: 50, Valid: 27, Valid Percent: 54.00%, Whitelist: 0, IPv4: 4, IPv6: 46, Min Delay: 0.1 ms, Max Speed: 17.30 M/s, Avg Speed: 1.58 M/s, Max Resolution: 1920x1080
Category: 📺央视频道, Name: CCTV-17, Total: 92, Valid: 46, Valid Percent: 50.00%, Whitelist: 0, IPv4: 2, IPv6: 90, Min Delay: 0.1 ms, Max Speed: 15.02 M/s, Avg Speed: 0.46 M/s, Max Resolution: 1920x1080
Category: 📺央视频道, Name: CETV-1, Total: 51, Valid: 1, Valid Percent: 1.96%, Whitelist: 0, IPv4: 1, IPv6: 50, Min Delay: 488 ms, Max Speed: 0.13 M/s, Avg Speed: 0.13 M/s, Max Resolution: 1920x1080
Category: 📺央视频道, Name: CETV-2, Total: 43, Valid: 0, Valid Percent: 0.00%, Whitelist: 0, IPv4: 0, IPv6: 43, Min Delay: -1 ms, Max Speed: 0.00 M/s, Avg Speed: 0.00 M/s, Max Resolution: None
Category: 📺央视频道, Name: CETV-3, Total: 6, Valid: 0, Valid Percent: 0.00%, Whitelist: 0, IPv4: 0, IPv6: 6, Min Delay: -1 ms, Max Speed: 0.00 M/s, Avg Speed: 0.00 M/s, Max Resolution: None
Category: 📺央视频道, Name: CETV-4, Total: 46, Valid: 0, Valid Percent: 0.00%, Whitelist: 0, IPv4: 0, IPv6: 46, Min Delay: -1 ms, Max Speed: 0.00 M/s, Avg Speed: 0.00 M/s, Max Resolution: None
Category: 📺央视频道, Name: 文化精品, Total: 2, Valid: 0, Valid Percent: 0.00%, Whitelist: 0, IPv4: 0, IPv6: 2, Min Delay: -1 ms, Max Speed: 0.00 M/s, Avg Speed: 0.00 M/s, Max Resolution: None
Category: 📺央视频道, Name: 央视台球, Total: 3, Valid: 0, Valid Percent: 0.00%, Whitelist: 0, IPv4: 0, IPv6: 3, Min Delay: -1 ms, Max Speed: 0.00 M/s, Avg Speed: 0.00 M/s, Max Resolution: None
Category: 📺央视频道, Name: 风云音乐, Total: 4, Valid: 2, Valid Percent: 50.00%, Whitelist: 0, IPv4: 2, IPv6: 2, Min Delay: 140 ms, Max Speed: 13.03 M/s, Avg Speed: 6.57 M/s, Max Resolution: 1920x1080
Category: 📺央视频道, Name: 第一剧场, Total: 6, Valid: 1, Valid Percent: 16.67%, Whitelist: 0, IPv4: 1, IPv6: 5, Min Delay: 490 ms, Max Speed: 0.03 M/s, Avg Speed: 0.03 M/s, Max Resolution: 1920x1080
Category: 📺央视频道, Name: 风云剧场, Total: 2, Valid: 0, Valid Percent: 0.00%, Whitelist: 0, IPv4: 0, IPv6: 2, Min Delay: -1 ms, Max Speed: 0.00 M/s, Avg Speed: 0.00 M/s, Max Resolution: None
Category: 📺央视频道, Name: 怀旧剧场, Total: 6, Valid: 3, Valid Percent: 50.00%, Whitelist: 0, IPv4: 3, IPv6: 3, Min Delay: 237 ms, Max Speed: 14.99 M/s, Avg Speed: 5.09 M/s, Max Resolution: 1920x1080
Category: 📺央视频道, Name: 女性时尚, Total: 3, Valid: 1, Valid Percent: 33.33%, Whitelist: 0, IPv4: 1, IPv6: 2, Min Delay: 137 ms, Max Speed: 12.69 M/s, Avg Speed: 12.69 M/s, Max Resolution: 1920x1080
Category: 📺央视频道, Name: 高尔夫网球, Total: 4, Valid: 2, Valid Percent: 50.00%, Whitelist: 0, IPv4: 2, IPv6: 2, Min Delay: 349 ms, Max Speed: 12.47 M/s, Avg Speed: 6.27 M/s, Max Resolution: 1920x1080
Category: 📺央视频道, Name: 风云足球, Total: 6, Valid: 1, Valid Percent: 16.67%, Whitelist: 0, IPv4: 1, IPv6: 5, Min Delay: 182 ms, Max Speed: 19.71 M/s, Avg Speed: 19.71 M/s, Max Resolution: 1920x1080
Category: 📺央视频道, Name: 电视指南, Total: 3, Valid: 1, Valid Percent: 33.33%, Whitelist: 0, IPv4: 1, IPv6: 2, Min Delay: 377 ms, Max Speed: 11.61 M/s, Avg Speed: 11.61 M/s, Max Resolution: 1920x1080
Category: 📺央视频道, Name: 世界地理, Total: 2, Valid: 1, Valid Percent: 50.00%, Whitelist: 0, IPv4: 1, IPv6: 1, Min Delay: 206 ms, Max Speed: 20.11 M/s, Avg Speed: 20.11 M/s, Max Resolution: 1920x1080
Category: 📺央视频道, Name: 兵器科技, Total: 3, Valid: 1, Valid Percent: 33.33%, Whitelist: 0, IPv4: 1, IPv6: 2, Min Delay: 1536 ms, Max Speed: 0.07 M/s, Avg Speed: 0.07 M/s, Max Resolution: 1920x1080
Category: 📡卫视频道, Name: 广东卫视, Total: 110, Valid: 60, Valid Percent: 54.55%, Whitelist: 0, IPv4: 2, IPv6: 108, Min Delay: 0.1 ms, Max Speed: 20.31 M/s, Avg Speed: 0.41 M/s, Max Resolution: 1920x1080
Category: 📡卫视频道, Name: 香港卫视, Total: 13, Valid: 5, Valid Percent: 38.46%, Whitelist: 0, IPv4: 0, IPv6: 13, Min Delay: 0.1 ms, Max Speed: 0.00 M/s, Avg Speed: 0.00 M/s, Max Resolution: 1920x1080
Category: 📡卫视频道, Name: 浙江卫视, Total: 146, Valid: 75, Valid Percent: 51.37%, Whitelist: 0, IPv4: 7, IPv6: 139, Min Delay: 0.1 ms, Max Speed: 18.31 M/s, Avg Speed: 0.83 M/s, Max Resolution: 1920x1080
Category: 📡卫视频道, Name: 湖南卫视, Total: 120, Valid: 64, Valid Percent: 53.33%, Whitelist: 0, IPv4: 8, IPv6: 112, Min Delay: 0.1 ms, Max Speed: 28.24 M/s, Avg Speed: 1.71 M/s, Max Resolution: 3840x2160
Category: 📡卫视频道, Name: 北京卫视, Total: 110, Valid: 55, Valid Percent: 50.00%, Whitelist: 0, IPv4: 3, IPv6: 107, Min Delay: 0.1 ms, Max Speed: 21.83 M/s, Avg Speed: 0.73 M/s, Max Resolution: 1920x1080
Category: 📡卫视频道, Name: 湖北卫视, Total: 122, Valid: 73, Valid Percent: 59.84%, Whitelist: 0, IPv4: 3, IPv6: 119, Min Delay: 0.1 ms, Max Speed: 20.88 M/s, Avg Speed: 0.49 M/s, Max Resolution: 1920x1080
Category: 📡卫视频道, Name: 黑龙江卫视, Total: 84, Valid: 60, Valid Percent: 71.43%, Whitelist: 0, IPv4: 2, IPv6: 82, Min Delay: 0.1 ms, Max Speed: 20.38 M/s, Avg Speed: 0.42 M/s, Max Resolution: 1920x1080
Category: 📡卫视频道, Name: 安徽卫视, Total: 83, Valid: 60, Valid Percent: 72.29%, Whitelist: 0, IPv4: 2, IPv6: 81, Min Delay: 0.1 ms, Max Speed: 21.83 M/s, Avg Speed: 0.43 M/s, Max Resolution: 1920x1080
Category: 📡卫视频道, Name: 重庆卫视, Total: 82, Valid: 58, Valid Percent: 70.73%, Whitelist: 0, IPv4: 3, IPv6: 79, Min Delay: 0.1 ms, Max Speed: 15.63 M/s, Avg Speed: 0.58 M/s, Max Resolution: 1920x1080
Category: 📡卫视频道, Name: 东方卫视, Total: 121, Valid: 65, Valid Percent: 53.72%, Whitelist: 0, IPv4: 6, IPv6: 115, Min Delay: 0.1 ms, Max Speed: 19.07 M/s, Avg Speed: 0.92 M/s, Max Resolution: 1920x1080
Category: 📡卫视频道, Name: 东南卫视, Total: 71, Valid: 44, Valid Percent: 61.97%, Whitelist: 0, IPv4: 3, IPv6: 68, Min Delay: 0.1 ms, Max Speed: 21.16 M/s, Avg Speed: 0.77 M/s, Max Resolution: 1920x1080
Category: 📡卫视频道, Name: 甘肃卫视, Total: 45, Valid: 25, Valid Percent: 55.56%, Whitelist: 0, IPv4: 1, IPv6: 44, Min Delay: 0.1 ms, Max Speed: 17.67 M/s, Avg Speed: 0.71 M/s, Max Resolution: 1920x1080
Category: 📡卫视频道, Name: 广西卫视, Total: 56, Valid: 38, Valid Percent: 67.86%, Whitelist: 0, IPv4: 4, IPv6: 52, Min Delay: 0.1 ms, Max Speed: 20.56 M/s, Avg Speed: 1.20 M/s, Max Resolution: 1920x1080
Category: 📡卫视频道, Name: 贵州卫视, Total: 59, Valid: 36, Valid Percent: 61.02%, Whitelist: 0, IPv4: 2, IPv6: 57, Min Delay: 0.1 ms, Max Speed: 22.90 M/s, Avg Speed: 0.71 M/s, Max Resolution: 1920x1080
Category: 📡卫视频道, Name: 海南卫视, Total: 107, Valid: 37, Valid Percent: 34.58%, Whitelist: 0, IPv4: 0, IPv6: 107, Min Delay: 0.1 ms, Max Speed: 0.00 M/s, Avg Speed: 0.00 M/s, Max Resolution: 1920x1080
Category: 📡卫视频道, Name: 河北卫视, Total: 67, Valid: 43, Valid Percent: 64.18%, Whitelist: 0, IPv4: 2, IPv6: 65, Min Delay: 0.1 ms, Max Speed: 17.86 M/s, Avg Speed: 0.54 M/s, Max Resolution: 1920x1080
Category: 📡卫视频道, Name: 河南卫视, Total: 97, Valid: 51, Valid Percent: 52.58%, Whitelist: 0, IPv4: 2, IPv6: 95, Min Delay: 0.1 ms, Max Speed: 36.52 M/s, Avg Speed: 0.76 M/s, Max Resolution: 1920x1080
Category: 📡卫视频道, Name: 吉林卫视, Total: 104, Valid: 56, Valid Percent: 53.85%, Whitelist: 0, IPv4: 2, IPv6: 102, Min Delay: 0.1 ms, Max Speed: 20.46 M/s, Avg Speed: 0.42 M/s, Max Resolution: 1920x1080
Category: 📡卫视频道, Name: 江苏卫视, Total: 116, Valid: 67, Valid Percent: 57.76%, Whitelist: 0, IPv4: 4, IPv6: 112, Min Delay: 0.1 ms, Max Speed: 20.01 M/s, Avg Speed: 0.55 M/s, Max Resolution: 1920x1080
Category: 📡卫视频道, Name: 江西卫视, Total: 117, Valid: 66, Valid Percent: 56.41%, Whitelist: 0, IPv4: 2, IPv6: 115, Min Delay: 0.1 ms, Max Speed: 13.65 M/s, Avg Speed: 0.25 M/s, Max Resolution: 1920x1080
Category: 📡卫视频道, Name: 辽宁卫视, Total: 95, Valid: 42, Valid Percent: 44.21%, Whitelist: 0, IPv4: 3, IPv6: 92, Min Delay: 0.1 ms, Max Speed: 16.00 M/s, Avg Speed: 0.80 M/s, Max Resolution: 1920x1080
Category: 📡卫视频道, Name: 内蒙古卫视, Total: 65, Valid: 22, Valid Percent: 33.85%, Whitelist: 0, IPv4: 1, IPv6: 64, Min Delay: 0.1 ms, Max Speed: 5.07 M/s, Avg Speed: 0.23 M/s, Max Resolution: 1920x1080
Category: 📡卫视频道, Name: 宁夏卫视, Total: 37, Valid: 21, Valid Percent: 56.76%, Whitelist: 0, IPv4: 1, IPv6: 36, Min Delay: 0.1 ms, Max Speed: 21.65 M/s, Avg Speed: 1.03 M/s, Max Resolution: 1920x1080
Category: 📡卫视频道, Name: 青海卫视, Total: 75, Valid: 29, Valid Percent: 38.67%, Whitelist: 0, IPv4: 3, IPv6: 72, Min Delay: 0.1 ms, Max Speed: 19.63 M/s, Avg Speed: 0.88 M/s, Max Resolution: 1920x1080
Category: 📡卫视频道, Name: 山东卫视, Total: 66, Valid: 43, Valid Percent: 65.15%, Whitelist: 0, IPv4: 2, IPv6: 64, Min Delay: 0.1 ms, Max Speed: 17.16 M/s, Avg Speed: 0.61 M/s, Max Resolution: 1920x1080
Category: 📡卫视频道, Name: 山西卫视, Total: 31, Valid: 14, Valid Percent: 45.16%, Whitelist: 0, IPv4: 2, IPv6: 29, Min Delay: 0.1 ms, Max Speed: 2.75 M/s, Avg Speed: 0.30 M/s, Max Resolution: 1920x1080
Category: 📡卫视频道, Name: 陕西卫视, Total: 69, Valid: 24, Valid Percent: 34.78%, Whitelist: 0, IPv4: 2, IPv6: 67, Min Delay: 0.1 ms, Max Speed: 22.22 M/s, Avg Speed: 1.16 M/s, Max Resolution: 1920x1080
Category: 📡卫视频道, Name: 四川卫视, Total: 53, Valid: 31, Valid Percent: 58.49%, Whitelist: 0, IPv4: 1, IPv6: 52, Min Delay: 0.1 ms, Max Speed: 12.31 M/s, Avg Speed: 0.40 M/s, Max Resolution: 1920x1080
Category: 📡卫视频道, Name: 深圳卫视, Total: 59, Valid: 35, Valid Percent: 59.32%, Whitelist: 0, IPv4: 2, IPv6: 57, Min Delay: 0.1 ms, Max Speed: 14.94 M/s, Avg Speed: 0.59 M/s, Max Resolution: 1920x1080
Category: 📡卫视频道, Name: 三沙卫视, Total: 47, Valid: 12, Valid Percent: 25.53%, Whitelist: 0, IPv4: 1, IPv6: 46, Min Delay: 0.1 ms, Max Speed: 22.22 M/s, Avg Speed: 1.85 M/s, Max Resolution: 1920x1080
Category: 📡卫视频道, Name: 天津卫视, Total: 64, Valid: 43, Valid Percent: 67.19%, Whitelist: 0, IPv4: 3, IPv6: 61, Min Delay: 0.1 ms, Max Speed: 15.94 M/s, Avg Speed: 0.74 M/s, Max Resolution: 1920x1080
Category: 📡卫视频道, Name: 西藏卫视, Total: 36, Valid: 21, Valid Percent: 58.33%, Whitelist: 0, IPv4: 0, IPv6: 36, Min Delay: 0.1 ms, Max Speed: 0.00 M/s, Avg Speed: 0.00 M/s, Max Resolution: 1920x1080
Category: 📡卫视频道, Name: 新疆卫视, Total: 40, Valid: 21, Valid Percent: 52.50%, Whitelist: 0, IPv4: 0, IPv6: 40, Min Delay: 0.1 ms, Max Speed: 0.00 M/s, Avg Speed: 0.00 M/s, Max Resolution: 1920x1080
Category: 📡卫视频道, Name: 云南卫视, Total: 46, Valid: 26, Valid Percent: 56.52%, Whitelist: 0, IPv4: 2, IPv6: 44, Min Delay: 0.1 ms, Max Speed: 20.66 M/s, Avg Speed: 0.86 M/s, Max Resolution: 1920x1080
